<?xml version="1.0" encoding="UTF-8"?>
<!-- Generated by org.testng.reporters.JUnitXMLReporter -->
<testsuite ignored="0" hostname="SanaZehra" failures="0" tests="6" name="Default test" time="23.486" errors="0" timestamp="2025-02-27T20:26:23 PST">
  <testcase classname="test.UserTestWithDataProvider" name="testPostData" time="14.854"/>
  <testcase classname="test.UserTestWithDataProvider" name="testPostData" time="1.359"/>
  <testcase classname="test.UserTestWithDataProvider" name="testPostData" time="1.533"/>
  <testcase classname="test.UserTestWithDataProvider" name="testGetData" time="1.668"/>
  <testcase classname="test.UserTestWithDataProvider" name="testGetData" time="1.525"/>
  <testcase classname="test.UserTestWithDataProvider" name="testGetData" time="1.53"/>
</testsuite> <!-- Default test -->
