<?xml version="1.0" encoding="UTF-8"?>
<!-- Generated by org.testng.reporters.JUnitXMLReporter -->
<testsuite ignored="0" hostname="SanaZehra" failures="0" tests="4" name="userTest" time="19.747" errors="0" timestamp="2025-02-28T10:15:22 PST">
  <testcase classname="test.UserTest" name="testPostData" time="14.512"/>
  <testcase classname="test.UserTest" name="testGetData" time="1.461"/>
  <testcase classname="test.UserTest" name="testUpdateData" time="1.391"/>
  <testcase classname="test.UserTest" name="testdeleteData" time="1.41"/>
</testsuite> <!-- userTest -->
