<?xml version="1.0" encoding="UTF-8"?>
<testng-results ignored="0" total="4" passed="4" failed="0" skipped="0">
  <reporter-output>
  </reporter-output>
  <suite started-at="2025-02-28T10:15:02 PST" name="userSuit" finished-at="2025-02-28T10:15:22 PST" duration-ms="19747">
    <groups>
    </groups>
    <test started-at="2025-02-28T10:15:02 PST" name="userTest" finished-at="2025-02-28T10:15:22 PST" duration-ms="19747">
      <class name="test.UserTest">
        <test-method is-config="true" signature="getUserData()[pri:0, instance:test.UserTest@411f53a0]" started-at="2025-02-28T10:15:03 PST" name="getUserData" finished-at="2025-02-28T10:15:03 PST" duration-ms="647" status="PASS">
          <reporter-output>
          </reporter-output>
        </test-method> <!-- getUserData -->
        <test-method signature="testPostData()[pri:1, instance:test.UserTest@411f53a0]" started-at="2025-02-28T10:15:03 PST" name="testPostData" finished-at="2025-02-28T10:15:18 PST" duration-ms="14512" status="PASS">
          <reporter-output>
          </reporter-output>
        </test-method> <!-- testPostData -->
        <test-method signature="testGetData()[pri:2, instance:test.UserTest@411f53a0]" started-at="2025-02-28T10:15:18 PST" name="testGetData" finished-at="2025-02-28T10:15:19 PST" duration-ms="1461" status="PASS">
          <reporter-output>
          </reporter-output>
        </test-method> <!-- testGetData -->
        <test-method signature="testUpdateData()[pri:3, instance:test.UserTest@411f53a0]" started-at="2025-02-28T10:15:19 PST" name="testUpdateData" finished-at="2025-02-28T10:15:21 PST" duration-ms="1391" status="PASS">
          <reporter-output>
          </reporter-output>
        </test-method> <!-- testUpdateData -->
        <test-method signature="testdeleteData()[pri:4, instance:test.UserTest@411f53a0]" started-at="2025-02-28T10:15:21 PST" name="testdeleteData" finished-at="2025-02-28T10:15:22 PST" duration-ms="1410" status="PASS">
          <reporter-output>
          </reporter-output>
        </test-method> <!-- testdeleteData -->
      </class> <!-- test.UserTest -->
    </test> <!-- userTest -->
  </suite> <!-- userSuit -->
</testng-results>
