<?xml version="1.0" encoding="UTF-8"?>
<!-- Generated by org.testng.reporters.JUnitXMLReporter -->
<testsuite ignored="0" hostname="SanaZehra" failures="1" tests="4" name="userTest" time="19.946" errors="0" timestamp="2025-02-28T11:13:38 PST">
  <testcase classname="test.UserTest" name="testPostData" time="14.572"/>
  <testcase classname="test.UserTest" name="testGetData" time="1.518">
    <failure type="java.lang.AssertionError" message="expected [200] but found [404]">
      <![CDATA[java.lang.AssertionError: expected [200] but found [404]
at test.UserTest.testGetData(UserTest.java:53)
at java.base/java.util.ArrayList.forEach(ArrayList.java:1596)
... Removed 36 stack frames]]>
    </failure>
  </testcase> <!-- testGetData -->
  <testcase classname="test.UserTest" name="testUpdateData" time="1.453"/>
  <testcase classname="test.UserTest" name="testdeleteData" time="1.42"/>
</testsuite> <!-- userTest -->
